


ARM Macro Assembler    Page 1 


    1 00000000         ;     Copyright (c) 2022, Nations Technologies Inc.
    2 00000000         ; 
    3 00000000         ;     All rights reserved.
    4 00000000         ;
    5 00000000         ;     This software is the exclusive property of Nations
                        Technologies Inc. (Hereinafter 
    6 00000000         ; referred to as NATIONS). This software, and the produc
                       t of NATIONS described herein 
    7 00000000         ; (Hereinafter referred to as the Product) are owned by 
                       NATIONS under the laws and treaties
    8 00000000         ; of the People's Republic of China and other applicable
                        jurisdictions worldwide.
    9 00000000         ;
   10 00000000         ;     NATIONS does not grant any license under its paten
                       ts, copyrights, trademarks, or other 
   11 00000000         ; intellectual property rights. Names and brands of thir
                       d party may be mentioned or referred 
   12 00000000         ; thereto (if any) for identification purposes only.
   13 00000000         ;
   14 00000000         ;     NATIONS reserves the right to make changes, correc
                       tions, enhancements, modifications, and 
   15 00000000         ; improvements to this software at any time without noti
                       ce. Please contact NATIONS and obtain 
   16 00000000         ; the latest version of this software before placing ord
                       ers.
   17 00000000         
   18 00000000         ;     Although NATIONS has attempted to provide accurate
                        and reliable information, NATIONS assumes 
   19 00000000         ; no responsibility for the accuracy and reliability of 
                       this software.
   20 00000000         ; 
   21 00000000         ;     It is the responsibility of the user of this softw
                       are to properly design, program, and test 
   22 00000000         ; the functionality and safety of any application made o
                       f this information and any resulting product. 
   23 00000000         ; In no event shall NATIONS be liable for any direct, in
                       direct, incidental, special,exemplary, or 
   24 00000000         ; consequential damages arising in any way out of the us
                       e of this software or the Product.
   25 00000000         ;
   26 00000000         ;     NATIONS Products are neither intended nor warrante
                       d for usage in systems or equipment, any
   27 00000000         ; malfunction or failure of which may cause loss of huma
                       n life, bodily injury or severe property 
   28 00000000         ; damage. Such applications are deemed, "Insecure Usage"
                       .
   29 00000000         ;
   30 00000000         ;     All Insecure Usage shall be made at user's risk. U
                       ser shall indemnify NATIONS and hold NATIONS 
   31 00000000         ; harmless from and against all claims, costs, damages, 
                       and other liabilities, arising from or related 
   32 00000000         ; to any customer's Insecure Usage.
   33 00000000         
   34 00000000         ;     Any express or implied warranty with regard to thi
                       s software or the Product, including,but not 
   35 00000000         ; limited to, the warranties of merchantability, fitness
                        for a particular purpose and non-infringement
   36 00000000         ; are disclaimed to the fullest extent permitted by law.
                       



ARM Macro Assembler    Page 2 


   37 00000000         
   38 00000000         ;     Unless otherwise explicitly permitted by NATIONS, 
                       anyone may not duplicate, modify, transcribe
   39 00000000         ; or otherwise distribute this software for any purposes
                       , in whole or in part.
   40 00000000         ;
   41 00000000         ;     NATIONS products and technologies shall not be use
                       d for or incorporated into any products or systems
   42 00000000         ; whose manufacture, use, or sale is prohibited under an
                       y applicable domestic or foreign laws or regulations. 
   43 00000000         ; User shall comply with any applicable export control l
                       aws and regulations promulgated and administered by 
   44 00000000         ; the governments of any countries asserting jurisdictio
                       n over the parties or transactions.
   45 00000000         
   46 00000000         ; Amount of memory (in bytes) allocated for Stack
   47 00000000         ; Tailor this value to your application needs
   48 00000000         ; <h> Stack Configuration
   49 00000000         ;   <o> Stack Size (in Bytes) <0x0-0xFFFFFFFF:8>
   50 00000000         ; </h>
   51 00000000         
   52 00000000 00000400 
                       Stack_Size
                               EQU              0x00000400
   53 00000000         
   54 00000000                 AREA             STACK, NOINIT, READWRITE, ALIGN
=3
   55 00000000         Stack_Mem
                               SPACE            Stack_Size
   56 00000400         __initial_sp
   57 00000400         
   58 00000400         ; <h> Heap Configuration
   59 00000400         ;   <o>  Heap Size (in Bytes) <0x0-0xFFFFFFFF:8>
   60 00000400         ; </h>
   61 00000400         
   62 00000400 00000200 
                       Heap_Size
                               EQU              0x00000200
   63 00000400         
   64 00000400                 AREA             HEAP, NOINIT, READWRITE, ALIGN=
3
   65 00000000         __heap_base
   66 00000000         Heap_Mem
                               SPACE            Heap_Size
   67 00000200         __heap_limit
   68 00000200         
   69 00000200                 PRESERVE8
   70 00000200                 THUMB
   71 00000200         
   72 00000200         
   73 00000200         ; Vector Table Mapped to Address 0 at Reset
   74 00000200                 AREA             RESET, DATA, READONLY
   75 00000000                 EXPORT           __Vectors
   76 00000000                 EXPORT           __Vectors_End
   77 00000000                 EXPORT           __Vectors_Size
   78 00000000         
   79 00000000 00000000 
                       __Vectors
                               DCD              __initial_sp ; Top of Stack



ARM Macro Assembler    Page 3 


   80 00000004 00000000        DCD              Reset_Handler ; Reset Handler
   81 00000008 00000000        DCD              NMI_Handler ; NMI Handler
   82 0000000C 00000000        DCD              HardFault_Handler ; Hard Fault 
                                                            Handler
   83 00000010 00000000        DCD              MemManage_Handler 
                                                            ; MPU Fault Handler
                                                            
   84 00000014 00000000        DCD              BusFault_Handler 
                                                            ; Bus Fault Handler
                                                            
   85 00000018 00000000        DCD              UsageFault_Handler ; Usage Faul
                                                            t Handler
   86 0000001C 00000000        DCD              0           ; Reserved
   87 00000020 00000000        DCD              0           ; Reserved
   88 00000024 00000000        DCD              0           ; Reserved
   89 00000028 00000000        DCD              0           ; Reserved
   90 0000002C 00000000        DCD              SVC_Handler ; SVCall Handler
   91 00000030 00000000        DCD              DebugMon_Handler ; Debug Monito
                                                            r Handler
   92 00000034 00000000        DCD              0           ; Reserved
   93 00000038 00000000        DCD              PendSV_Handler ; PendSV Handler
                                                            
   94 0000003C 00000000        DCD              SysTick_Handler 
                                                            ; SysTick Handler
   95 00000040         
   96 00000040         ; External Interrupts
   97 00000040 00000000        DCD              WWDG_IRQHandler 
                                                            ; Window Watchdog
   98 00000044 00000000        DCD              PVD_IRQHandler ; PVD through EX
                                                            TI Line detect
   99 00000048 00000000        DCD              RTC_TAMPER_STAMP_IRQHandler 
                                                            ; EXTI Line18
  100 0000004C 00000000        DCD              RTC_WKUP_IRQHandler ; RTC_WKUP
  101 00000050 00000000        DCD              FLASH_IRQHandler ; Flash
  102 00000054 00000000        DCD              RCC_IRQHandler ; RCC
  103 00000058 00000000        DCD              EXTI0_IRQHandler ; EXTI Line 0
  104 0000005C 00000000        DCD              EXTI1_IRQHandler ; EXTI Line 1
  105 00000060 00000000        DCD              EXTI2_IRQHandler ; EXTI Line 2
  106 00000064 00000000        DCD              EXTI3_IRQHandler ; EXTI Line 3
  107 00000068 00000000        DCD              EXTI4_IRQHandler ; EXTI Line 4
  108 0000006C 00000000        DCD              DMA_Channel1_IRQHandler 
                                                            ; DMA Channel 1
  109 00000070 00000000        DCD              DMA_Channel2_IRQHandler 
                                                            ; DMA Channel 2
  110 00000074 00000000        DCD              DMA_Channel3_IRQHandler 
                                                            ; DMA Channel 3
  111 00000078 00000000        DCD              DMA_Channel4_IRQHandler 
                                                            ; DMA Channel 4
  112 0000007C 00000000        DCD              DMA_Channel5_IRQHandler 
                                                            ; DMA Channel 5
  113 00000080 00000000        DCD              DMA_Channel6_IRQHandler 
                                                            ; DMA Channel 6
  114 00000084 00000000        DCD              DMA_Channel7_IRQHandler 
                                                            ; DMA Channel 7
  115 00000088 00000000        DCD              DMA_Channel8_IRQHandler 
                                                            ; DMA Channel 8
  116 0000008C 00000000        DCD              ADC_IRQHandler ; ADC
  117 00000090 00000000        DCD              MMU_IRQHandler ; MMU
  118 00000094 00000000        DCD              COMP_1_2_3_IRQHandler ; COMP1 &



ARM Macro Assembler    Page 4 


                                                             COMP2 & COMP3
  119 00000098 00000000        DCD              EXTI9_5_IRQHandler 
                                                            ; EXTI Line 9..5
  120 0000009C 00000000        DCD              TIM1_BRK_IRQHandler 
                                                            ; TIM1 Break
  121 000000A0 00000000        DCD              TIM1_UP_IRQHandler 
                                                            ; TIM1 Update
  122 000000A4 00000000        DCD              TIM1_TRG_COM_IRQHandler ; TIM1 
                                                            Trigger and Commuta
                                                            tion
  123 000000A8 00000000        DCD              TIM1_CC_IRQHandler ; TIM1 Captu
                                                            re Compare
  124 000000AC 00000000        DCD              TIM2_IRQHandler ; TIM2
  125 000000B0 00000000        DCD              TIM3_IRQHandler ; TIM3
  126 000000B4 00000000        DCD              TIM4_IRQHandler ; TIM4
  127 000000B8 00000000        DCD              I2C1_EV_IRQHandler ; I2C1 Event
                                                            
  128 000000BC 00000000        DCD              I2C1_ER_IRQHandler ; I2C1 Error
                                                            
  129 000000C0 00000000        DCD              I2C2_EV_IRQHandler ; I2C2 Event
                                                            
  130 000000C4 00000000        DCD              I2C2_ER_IRQHandler ; I2C2 Error
                                                            
  131 000000C8 00000000        DCD              SPI1_IRQHandler ; SPI1
  132 000000CC 00000000        DCD              SPI2_IRQHandler ; SPI2/I2S2
  133 000000D0 00000000        DCD              USART1_IRQHandler ; USART1
  134 000000D4 00000000        DCD              USART2_IRQHandler ; USART2
  135 000000D8 00000000        DCD              UART3_IRQHandler ; UART3
  136 000000DC 00000000        DCD              EXTI15_10_IRQHandler 
                                                            ; EXTI Line 15..10
  137 000000E0 00000000        DCD              RTCAlarm_IRQHandler ; RTC Alarm
                                                             through EXTI Line
  138 000000E4 00000000        DCD              LPTIM_WKUP_IRQHandler ; LPTIM_W
                                                            KUP through EXTI li
                                                            ne 20
  139 000000E8 00000000        DCD              TIM8_BRK_IRQHandler 
                                                            ; TIM8 Break
  140 000000EC 00000000        DCD              TIM8_UP_IRQHandler 
                                                            ; TIM8 Update
  141 000000F0 00000000        DCD              TIM8_TRG_COM_IRQHandler ; TIM8 
                                                            Trigger and Commuta
                                                            tion
  142 000000F4 00000000        DCD              TIM8_CC_IRQHandler ; TIM8 Captu
                                                            re Compare
  143 000000F8 00000000        DCD              UART4_IRQHandler ; UART4
  144 000000FC 00000000        DCD              TIM5_IRQHandler ; TIM5
  145 00000100 00000000        DCD              TIM6_IRQHandler ; TIM6
  146 00000104 00000000        DCD              CAN_TX_IRQHandler ; CAN TX
  147 00000108 00000000        DCD              CAN_RX0_IRQHandler ; CAN RX0
  148 0000010C 00000000        DCD              CAN_RX1_IRQHandler ; CAN RX1
  149 00000110 00000000        DCD              CAN_SCE_IRQHandler ; CAN SCE
  150 00000114         __Vectors_End
  151 00000114         
  152 00000114 00000114 
                       __Vectors_Size
                               EQU              __Vectors_End - __Vectors
  153 00000114         
  154 00000114                 AREA             |.text|, CODE, READONLY
  155 00000000         



ARM Macro Assembler    Page 5 


  156 00000000         ; Reset handler
  157 00000000         Reset_Handler
                               PROC
  158 00000000                 EXPORT           Reset_Handler              [WEA
K]
  159 00000000                 IMPORT           __main
  160 00000000                 IMPORT           System_Initializes
  161 00000000 4806            LDR              R0, =System_Initializes
  162 00000002 4780            BLX              R0
  163 00000004 4806            LDR              R0, =__main
  164 00000006 4700            BX               R0
  165 00000008                 ENDP
  166 00000008         
  167 00000008         ; Dummy Exception Handlers (infinite loops which can be 
                       modified)
  168 00000008         
  169 00000008         NMI_Handler
                               PROC
  170 00000008                 EXPORT           NMI_Handler                 [WE
AK]
  171 00000008 E7FE            B                .
  172 0000000A                 ENDP
  174 0000000A         HardFault_Handler
                               PROC
  175 0000000A                 EXPORT           HardFault_Handler           [WE
AK]
  176 0000000A E7FE            B                .
  177 0000000C                 ENDP
  179 0000000C         MemManage_Handler
                               PROC
  180 0000000C                 EXPORT           MemManage_Handler           [WE
AK]
  181 0000000C E7FE            B                .
  182 0000000E                 ENDP
  184 0000000E         BusFault_Handler
                               PROC
  185 0000000E                 EXPORT           BusFault_Handler            [WE
AK]
  186 0000000E E7FE            B                .
  187 00000010                 ENDP
  189 00000010         UsageFault_Handler
                               PROC
  190 00000010                 EXPORT           UsageFault_Handler          [WE
AK]
  191 00000010 E7FE            B                .
  192 00000012                 ENDP
  193 00000012         SVC_Handler
                               PROC
  194 00000012                 EXPORT           SVC_Handler                 [WE
AK]
  195 00000012 E7FE            B                .
  196 00000014                 ENDP
  198 00000014         DebugMon_Handler
                               PROC
  199 00000014                 EXPORT           DebugMon_Handler            [WE
AK]
  200 00000014 E7FE            B                .
  201 00000016                 ENDP
  202 00000016         PendSV_Handler



ARM Macro Assembler    Page 6 


                               PROC
  203 00000016                 EXPORT           PendSV_Handler              [WE
AK]
  204 00000016 E7FE            B                .
  205 00000018                 ENDP
  206 00000018         SysTick_Handler
                               PROC
  207 00000018                 EXPORT           SysTick_Handler             [WE
AK]
  208 00000018 E7FE            B                .
  209 0000001A                 ENDP
  210 0000001A         
  211 0000001A         Default_Handler
                               PROC
  212 0000001A         
  213 0000001A                 EXPORT           WWDG_IRQHandler             [WE
AK]
  214 0000001A                 EXPORT           PVD_IRQHandler              [WE
AK]
  215 0000001A                 EXPORT           RTC_TAMPER_STAMP_IRQHandler [WE
AK]
  216 0000001A                 EXPORT           RTC_WKUP_IRQHandler         [WE
AK]
  217 0000001A                 EXPORT           FLASH_IRQHandler            [WE
AK]
  218 0000001A                 EXPORT           RCC_IRQHandler              [WE
AK]
  219 0000001A                 EXPORT           EXTI0_IRQHandler            [WE
AK]
  220 0000001A                 EXPORT           EXTI1_IRQHandler            [WE
AK]
  221 0000001A                 EXPORT           EXTI2_IRQHandler            [WE
AK]
  222 0000001A                 EXPORT           EXTI3_IRQHandler            [WE
AK]
  223 0000001A                 EXPORT           EXTI4_IRQHandler            [WE
AK]
  224 0000001A                 EXPORT           DMA_Channel1_IRQHandler     [WE
AK]
  225 0000001A                 EXPORT           DMA_Channel2_IRQHandler     [WE
AK]
  226 0000001A                 EXPORT           DMA_Channel3_IRQHandler     [WE
AK]
  227 0000001A                 EXPORT           DMA_Channel4_IRQHandler     [WE
AK]
  228 0000001A                 EXPORT           DMA_Channel5_IRQHandler     [WE
AK]
  229 0000001A                 EXPORT           DMA_Channel6_IRQHandler     [WE
AK]
  230 0000001A                 EXPORT           DMA_Channel7_IRQHandler     [WE
AK]
  231 0000001A                 EXPORT           DMA_Channel8_IRQHandler     [WE
AK]
  232 0000001A                 EXPORT           ADC_IRQHandler              [WE
AK]
  233 0000001A                 EXPORT           MMU_IRQHandler              [WE
AK]
  234 0000001A                 EXPORT           COMP_1_2_3_IRQHandler       [WE
AK]



ARM Macro Assembler    Page 7 


  235 0000001A                 EXPORT           EXTI9_5_IRQHandler          [WE
AK]
  236 0000001A                 EXPORT           TIM1_BRK_IRQHandler         [WE
AK]
  237 0000001A                 EXPORT           TIM1_UP_IRQHandler          [WE
AK]
  238 0000001A                 EXPORT           TIM1_TRG_COM_IRQHandler     [WE
AK]
  239 0000001A                 EXPORT           TIM1_CC_IRQHandler          [WE
AK]
  240 0000001A                 EXPORT           TIM2_IRQHandler             [WE
AK]
  241 0000001A                 EXPORT           TIM3_IRQHandler             [WE
AK]
  242 0000001A                 EXPORT           TIM4_IRQHandler             [WE
AK]
  243 0000001A                 EXPORT           I2C1_EV_IRQHandler          [WE
AK]
  244 0000001A                 EXPORT           I2C1_ER_IRQHandler          [WE
AK]
  245 0000001A                 EXPORT           I2C2_EV_IRQHandler          [WE
AK]
  246 0000001A                 EXPORT           I2C2_ER_IRQHandler          [WE
AK]
  247 0000001A                 EXPORT           SPI1_IRQHandler             [WE
AK]
  248 0000001A                 EXPORT           SPI2_IRQHandler             [WE
AK]
  249 0000001A                 EXPORT           USART1_IRQHandler           [WE
AK]
  250 0000001A                 EXPORT           USART2_IRQHandler           [WE
AK]
  251 0000001A                 EXPORT           UART3_IRQHandler            [WE
AK]
  252 0000001A                 EXPORT           EXTI15_10_IRQHandler        [WE
AK]
  253 0000001A                 EXPORT           RTCAlarm_IRQHandler         [WE
AK]
  254 0000001A                 EXPORT           LPTIM_WKUP_IRQHandler       [WE
AK]
  255 0000001A                 EXPORT           TIM8_BRK_IRQHandler         [WE
AK]
  256 0000001A                 EXPORT           TIM8_UP_IRQHandler          [WE
AK]
  257 0000001A                 EXPORT           TIM8_TRG_COM_IRQHandler     [WE
AK]
  258 0000001A                 EXPORT           TIM8_CC_IRQHandler          [WE
AK]
  259 0000001A                 EXPORT           UART4_IRQHandler            [WE
AK]
  260 0000001A                 EXPORT           TIM5_IRQHandler             [WE
AK]
  261 0000001A                 EXPORT           TIM6_IRQHandler             [WE
AK]
  262 0000001A                 EXPORT           CAN_TX_IRQHandler           [WE
AK]
  263 0000001A                 EXPORT           CAN_RX0_IRQHandler          [WE
AK]
  264 0000001A                 EXPORT           CAN_RX1_IRQHandler          [WE



ARM Macro Assembler    Page 8 


AK]
  265 0000001A                 EXPORT           CAN_SCE_IRQHandler          [WE
AK]
  266 0000001A         
  267 0000001A         WWDG_IRQHandler
  268 0000001A         PVD_IRQHandler
  269 0000001A         RTC_TAMPER_STAMP_IRQHandler
  270 0000001A         RTC_WKUP_IRQHandler
  271 0000001A         FLASH_IRQHandler
  272 0000001A         RCC_IRQHandler
  273 0000001A         EXTI0_IRQHandler
  274 0000001A         EXTI1_IRQHandler
  275 0000001A         EXTI2_IRQHandler
  276 0000001A         EXTI3_IRQHandler
  277 0000001A         EXTI4_IRQHandler
  278 0000001A         DMA_Channel1_IRQHandler
  279 0000001A         DMA_Channel2_IRQHandler
  280 0000001A         DMA_Channel3_IRQHandler
  281 0000001A         DMA_Channel4_IRQHandler
  282 0000001A         DMA_Channel5_IRQHandler
  283 0000001A         DMA_Channel6_IRQHandler
  284 0000001A         DMA_Channel7_IRQHandler
  285 0000001A         DMA_Channel8_IRQHandler
  286 0000001A         ADC_IRQHandler
  287 0000001A         MMU_IRQHandler
  288 0000001A         COMP_1_2_3_IRQHandler
  289 0000001A         EXTI9_5_IRQHandler
  290 0000001A         TIM1_BRK_IRQHandler
  291 0000001A         TIM1_UP_IRQHandler
  292 0000001A         TIM1_TRG_COM_IRQHandler
  293 0000001A         TIM1_CC_IRQHandler
  294 0000001A         TIM2_IRQHandler
  295 0000001A         TIM3_IRQHandler
  296 0000001A         TIM4_IRQHandler
  297 0000001A         I2C1_EV_IRQHandler
  298 0000001A         I2C1_ER_IRQHandler
  299 0000001A         I2C2_EV_IRQHandler
  300 0000001A         I2C2_ER_IRQHandler
  301 0000001A         SPI1_IRQHandler
  302 0000001A         SPI2_IRQHandler
  303 0000001A         USART1_IRQHandler
  304 0000001A         USART2_IRQHandler
  305 0000001A         UART3_IRQHandler
  306 0000001A         EXTI15_10_IRQHandler
  307 0000001A         RTCAlarm_IRQHandler
  308 0000001A         LPTIM_WKUP_IRQHandler
  309 0000001A         TIM8_BRK_IRQHandler
  310 0000001A         TIM8_UP_IRQHandler
  311 0000001A         TIM8_TRG_COM_IRQHandler
  312 0000001A         TIM8_CC_IRQHandler
  313 0000001A         UART4_IRQHandler
  314 0000001A         TIM5_IRQHandler
  315 0000001A         TIM6_IRQHandler
  316 0000001A         CAN_TX_IRQHandler
  317 0000001A         CAN_RX0_IRQHandler
  318 0000001A         CAN_RX1_IRQHandler
  319 0000001A         CAN_SCE_IRQHandler
  320 0000001A E7FE            B                .
  321 0000001C         



ARM Macro Assembler    Page 9 


  322 0000001C                 ENDP
  323 0000001C         
  324 0000001C                 ALIGN
  325 0000001C         
  326 0000001C         ;*******************************************************
                       ************************
  327 0000001C         ; User Stack and Heap initialization
  328 0000001C         ;*******************************************************
                       ************************
  329 0000001C                 IF               :DEF:__MICROLIB
  330 0000001C         
  331 0000001C                 EXPORT           __initial_sp
  332 0000001C                 EXPORT           __heap_base
  333 0000001C                 EXPORT           __heap_limit
  334 0000001C         
  335 0000001C                 ELSE
  350                          ENDIF
  351 0000001C         
  352 0000001C                 END
              00000000 
              00000000 
Command Line: --debug --xref --diag_suppress=9931 --cpu=Cortex-M4.fp.sp --apcs=
interwork --depend=.\flash\obj\startup_n32g430.d -o.\flash\obj\startup_n32g430.
o -IC:\Keil_v5\Packs\Nationstech\N32G430_DFP\1.2.0\firmware\CMSIS\device --pred
efine="__MICROLIB SETA 1" --predefine="__UVISION_VERSION SETA 538" --predefine=
"N32G430 SETA 1" --predefine="USE_STDPERIPH_DRIVER SETA 1" --list=.\flash\list\
startup_n32g430.lst ..\..\Libraries\CMSIS\device\startup\startup_n32g430.s



ARM Macro Assembler    Page 1 Alphabetic symbol ordering
Relocatable symbols

STACK 00000000

Symbol: STACK
   Definitions
      At line 54 in file ..\..\Libraries\CMSIS\device\startup\startup_n32g430.s
   Uses
      None
Comment: STACK unused
Stack_Mem 00000000

Symbol: Stack_Mem
   Definitions
      At line 55 in file ..\..\Libraries\CMSIS\device\startup\startup_n32g430.s
   Uses
      None
Comment: Stack_Mem unused
__initial_sp 00000400

Symbol: __initial_sp
   Definitions
      At line 56 in file ..\..\Libraries\CMSIS\device\startup\startup_n32g430.s
   Uses
      At line 79 in file ..\..\Libraries\CMSIS\device\startup\startup_n32g430.s
      At line 331 in file ..\..\Libraries\CMSIS\device\startup\startup_n32g430.
s

3 symbols



ARM Macro Assembler    Page 1 Alphabetic symbol ordering
Relocatable symbols

HEAP 00000000

Symbol: HEAP
   Definitions
      At line 64 in file ..\..\Libraries\CMSIS\device\startup\startup_n32g430.s
   Uses
      None
Comment: HEAP unused
Heap_Mem 00000000

Symbol: Heap_Mem
   Definitions
      At line 66 in file ..\..\Libraries\CMSIS\device\startup\startup_n32g430.s
   Uses
      None
Comment: Heap_Mem unused
__heap_base 00000000

Symbol: __heap_base
   Definitions
      At line 65 in file ..\..\Libraries\CMSIS\device\startup\startup_n32g430.s
   Uses
      At line 332 in file ..\..\Libraries\CMSIS\device\startup\startup_n32g430.
s
Comment: __heap_base used once
__heap_limit 00000200

Symbol: __heap_limit
   Definitions
      At line 67 in file ..\..\Libraries\CMSIS\device\startup\startup_n32g430.s
   Uses
      At line 333 in file ..\..\Libraries\CMSIS\device\startup\startup_n32g430.
s
Comment: __heap_limit used once
4 symbols



ARM Macro Assembler    Page 1 Alphabetic symbol ordering
Relocatable symbols

RESET 00000000

Symbol: RESET
   Definitions
      At line 74 in file ..\..\Libraries\CMSIS\device\startup\startup_n32g430.s
   Uses
      None
Comment: RESET unused
__Vectors 00000000

Symbol: __Vectors
   Definitions
      At line 79 in file ..\..\Libraries\CMSIS\device\startup\startup_n32g430.s
   Uses
      At line 75 in file ..\..\Libraries\CMSIS\device\startup\startup_n32g430.s
      At line 152 in file ..\..\Libraries\CMSIS\device\startup\startup_n32g430.
s

__Vectors_End 00000114

Symbol: __Vectors_End
   Definitions
      At line 150 in file ..\..\Libraries\CMSIS\device\startup\startup_n32g430.
s
   Uses
      At line 76 in file ..\..\Libraries\CMSIS\device\startup\startup_n32g430.s
      At line 152 in file ..\..\Libraries\CMSIS\device\startup\startup_n32g430.
s

3 symbols



ARM Macro Assembler    Page 1 Alphabetic symbol ordering
Relocatable symbols

.text 00000000

Symbol: .text
   Definitions
      At line 154 in file ..\..\Libraries\CMSIS\device\startup\startup_n32g430.
s
   Uses
      None
Comment: .text unused
ADC_IRQHandler 0000001A

Symbol: ADC_IRQHandler
   Definitions
      At line 286 in file ..\..\Libraries\CMSIS\device\startup\startup_n32g430.
s
   Uses
      At line 116 in file ..\..\Libraries\CMSIS\device\startup\startup_n32g430.
s
      At line 232 in file ..\..\Libraries\CMSIS\device\startup\startup_n32g430.
s

BusFault_Handler 0000000E

Symbol: BusFault_Handler
   Definitions
      At line 184 in file ..\..\Libraries\CMSIS\device\startup\startup_n32g430.
s
   Uses
      At line 84 in file ..\..\Libraries\CMSIS\device\startup\startup_n32g430.s
      At line 185 in file ..\..\Libraries\CMSIS\device\startup\startup_n32g430.
s

CAN_RX0_IRQHandler 0000001A

Symbol: CAN_RX0_IRQHandler
   Definitions
      At line 317 in file ..\..\Libraries\CMSIS\device\startup\startup_n32g430.
s
   Uses
      At line 147 in file ..\..\Libraries\CMSIS\device\startup\startup_n32g430.
s
      At line 263 in file ..\..\Libraries\CMSIS\device\startup\startup_n32g430.
s

CAN_RX1_IRQHandler 0000001A

Symbol: CAN_RX1_IRQHandler
   Definitions
      At line 318 in file ..\..\Libraries\CMSIS\device\startup\startup_n32g430.
s
   Uses
      At line 148 in file ..\..\Libraries\CMSIS\device\startup\startup_n32g430.
s
      At line 264 in file ..\..\Libraries\CMSIS\device\startup\startup_n32g430.
s

CAN_SCE_IRQHandler 0000001A

Symbol: CAN_SCE_IRQHandler



ARM Macro Assembler    Page 2 Alphabetic symbol ordering
Relocatable symbols

   Definitions
      At line 319 in file ..\..\Libraries\CMSIS\device\startup\startup_n32g430.
s
   Uses
      At line 149 in file ..\..\Libraries\CMSIS\device\startup\startup_n32g430.
s
      At line 265 in file ..\..\Libraries\CMSIS\device\startup\startup_n32g430.
s

CAN_TX_IRQHandler 0000001A

Symbol: CAN_TX_IRQHandler
   Definitions
      At line 316 in file ..\..\Libraries\CMSIS\device\startup\startup_n32g430.
s
   Uses
      At line 146 in file ..\..\Libraries\CMSIS\device\startup\startup_n32g430.
s
      At line 262 in file ..\..\Libraries\CMSIS\device\startup\startup_n32g430.
s

COMP_1_2_3_IRQHandler 0000001A

Symbol: COMP_1_2_3_IRQHandler
   Definitions
      At line 288 in file ..\..\Libraries\CMSIS\device\startup\startup_n32g430.
s
   Uses
      At line 118 in file ..\..\Libraries\CMSIS\device\startup\startup_n32g430.
s
      At line 234 in file ..\..\Libraries\CMSIS\device\startup\startup_n32g430.
s

DMA_Channel1_IRQHandler 0000001A

Symbol: DMA_Channel1_IRQHandler
   Definitions
      At line 278 in file ..\..\Libraries\CMSIS\device\startup\startup_n32g430.
s
   Uses
      At line 108 in file ..\..\Libraries\CMSIS\device\startup\startup_n32g430.
s
      At line 224 in file ..\..\Libraries\CMSIS\device\startup\startup_n32g430.
s

DMA_Channel2_IRQHandler 0000001A

Symbol: DMA_Channel2_IRQHandler
   Definitions
      At line 279 in file ..\..\Libraries\CMSIS\device\startup\startup_n32g430.
s
   Uses
      At line 109 in file ..\..\Libraries\CMSIS\device\startup\startup_n32g430.
s
      At line 225 in file ..\..\Libraries\CMSIS\device\startup\startup_n32g430.
s

DMA_Channel3_IRQHandler 0000001A




ARM Macro Assembler    Page 3 Alphabetic symbol ordering
Relocatable symbols

Symbol: DMA_Channel3_IRQHandler
   Definitions
      At line 280 in file ..\..\Libraries\CMSIS\device\startup\startup_n32g430.
s
   Uses
      At line 110 in file ..\..\Libraries\CMSIS\device\startup\startup_n32g430.
s
      At line 226 in file ..\..\Libraries\CMSIS\device\startup\startup_n32g430.
s

DMA_Channel4_IRQHandler 0000001A

Symbol: DMA_Channel4_IRQHandler
   Definitions
      At line 281 in file ..\..\Libraries\CMSIS\device\startup\startup_n32g430.
s
   Uses
      At line 111 in file ..\..\Libraries\CMSIS\device\startup\startup_n32g430.
s
      At line 227 in file ..\..\Libraries\CMSIS\device\startup\startup_n32g430.
s

DMA_Channel5_IRQHandler 0000001A

Symbol: DMA_Channel5_IRQHandler
   Definitions
      At line 282 in file ..\..\Libraries\CMSIS\device\startup\startup_n32g430.
s
   Uses
      At line 112 in file ..\..\Libraries\CMSIS\device\startup\startup_n32g430.
s
      At line 228 in file ..\..\Libraries\CMSIS\device\startup\startup_n32g430.
s

DMA_Channel6_IRQHandler 0000001A

Symbol: DMA_Channel6_IRQHandler
   Definitions
      At line 283 in file ..\..\Libraries\CMSIS\device\startup\startup_n32g430.
s
   Uses
      At line 113 in file ..\..\Libraries\CMSIS\device\startup\startup_n32g430.
s
      At line 229 in file ..\..\Libraries\CMSIS\device\startup\startup_n32g430.
s

DMA_Channel7_IRQHandler 0000001A

Symbol: DMA_Channel7_IRQHandler
   Definitions
      At line 284 in file ..\..\Libraries\CMSIS\device\startup\startup_n32g430.
s
   Uses
      At line 114 in file ..\..\Libraries\CMSIS\device\startup\startup_n32g430.
s
      At line 230 in file ..\..\Libraries\CMSIS\device\startup\startup_n32g430.
s

DMA_Channel8_IRQHandler 0000001A



ARM Macro Assembler    Page 4 Alphabetic symbol ordering
Relocatable symbols


Symbol: DMA_Channel8_IRQHandler
   Definitions
      At line 285 in file ..\..\Libraries\CMSIS\device\startup\startup_n32g430.
s
   Uses
      At line 115 in file ..\..\Libraries\CMSIS\device\startup\startup_n32g430.
s
      At line 231 in file ..\..\Libraries\CMSIS\device\startup\startup_n32g430.
s

DebugMon_Handler 00000014

Symbol: DebugMon_Handler
   Definitions
      At line 198 in file ..\..\Libraries\CMSIS\device\startup\startup_n32g430.
s
   Uses
      At line 91 in file ..\..\Libraries\CMSIS\device\startup\startup_n32g430.s
      At line 199 in file ..\..\Libraries\CMSIS\device\startup\startup_n32g430.
s

Default_Handler 0000001A

Symbol: Default_Handler
   Definitions
      At line 211 in file ..\..\Libraries\CMSIS\device\startup\startup_n32g430.
s
   Uses
      None
Comment: Default_Handler unused
EXTI0_IRQHandler 0000001A

Symbol: EXTI0_IRQHandler
   Definitions
      At line 273 in file ..\..\Libraries\CMSIS\device\startup\startup_n32g430.
s
   Uses
      At line 103 in file ..\..\Libraries\CMSIS\device\startup\startup_n32g430.
s
      At line 219 in file ..\..\Libraries\CMSIS\device\startup\startup_n32g430.
s

EXTI15_10_IRQHandler 0000001A

Symbol: EXTI15_10_IRQHandler
   Definitions
      At line 306 in file ..\..\Libraries\CMSIS\device\startup\startup_n32g430.
s
   Uses
      At line 136 in file ..\..\Libraries\CMSIS\device\startup\startup_n32g430.
s
      At line 252 in file ..\..\Libraries\CMSIS\device\startup\startup_n32g430.
s

EXTI1_IRQHandler 0000001A

Symbol: EXTI1_IRQHandler
   Definitions



ARM Macro Assembler    Page 5 Alphabetic symbol ordering
Relocatable symbols

      At line 274 in file ..\..\Libraries\CMSIS\device\startup\startup_n32g430.
s
   Uses
      At line 104 in file ..\..\Libraries\CMSIS\device\startup\startup_n32g430.
s
      At line 220 in file ..\..\Libraries\CMSIS\device\startup\startup_n32g430.
s

EXTI2_IRQHandler 0000001A

Symbol: EXTI2_IRQHandler
   Definitions
      At line 275 in file ..\..\Libraries\CMSIS\device\startup\startup_n32g430.
s
   Uses
      At line 105 in file ..\..\Libraries\CMSIS\device\startup\startup_n32g430.
s
      At line 221 in file ..\..\Libraries\CMSIS\device\startup\startup_n32g430.
s

EXTI3_IRQHandler 0000001A

Symbol: EXTI3_IRQHandler
   Definitions
      At line 276 in file ..\..\Libraries\CMSIS\device\startup\startup_n32g430.
s
   Uses
      At line 106 in file ..\..\Libraries\CMSIS\device\startup\startup_n32g430.
s
      At line 222 in file ..\..\Libraries\CMSIS\device\startup\startup_n32g430.
s

EXTI4_IRQHandler 0000001A

Symbol: EXTI4_IRQHandler
   Definitions
      At line 277 in file ..\..\Libraries\CMSIS\device\startup\startup_n32g430.
s
   Uses
      At line 107 in file ..\..\Libraries\CMSIS\device\startup\startup_n32g430.
s
      At line 223 in file ..\..\Libraries\CMSIS\device\startup\startup_n32g430.
s

EXTI9_5_IRQHandler 0000001A

Symbol: EXTI9_5_IRQHandler
   Definitions
      At line 289 in file ..\..\Libraries\CMSIS\device\startup\startup_n32g430.
s
   Uses
      At line 119 in file ..\..\Libraries\CMSIS\device\startup\startup_n32g430.
s
      At line 235 in file ..\..\Libraries\CMSIS\device\startup\startup_n32g430.
s

FLASH_IRQHandler 0000001A

Symbol: FLASH_IRQHandler



ARM Macro Assembler    Page 6 Alphabetic symbol ordering
Relocatable symbols

   Definitions
      At line 271 in file ..\..\Libraries\CMSIS\device\startup\startup_n32g430.
s
   Uses
      At line 101 in file ..\..\Libraries\CMSIS\device\startup\startup_n32g430.
s
      At line 217 in file ..\..\Libraries\CMSIS\device\startup\startup_n32g430.
s

HardFault_Handler 0000000A

Symbol: HardFault_Handler
   Definitions
      At line 174 in file ..\..\Libraries\CMSIS\device\startup\startup_n32g430.
s
   Uses
      At line 82 in file ..\..\Libraries\CMSIS\device\startup\startup_n32g430.s
      At line 175 in file ..\..\Libraries\CMSIS\device\startup\startup_n32g430.
s

I2C1_ER_IRQHandler 0000001A

Symbol: I2C1_ER_IRQHandler
   Definitions
      At line 298 in file ..\..\Libraries\CMSIS\device\startup\startup_n32g430.
s
   Uses
      At line 128 in file ..\..\Libraries\CMSIS\device\startup\startup_n32g430.
s
      At line 244 in file ..\..\Libraries\CMSIS\device\startup\startup_n32g430.
s

I2C1_EV_IRQHandler 0000001A

Symbol: I2C1_EV_IRQHandler
   Definitions
      At line 297 in file ..\..\Libraries\CMSIS\device\startup\startup_n32g430.
s
   Uses
      At line 127 in file ..\..\Libraries\CMSIS\device\startup\startup_n32g430.
s
      At line 243 in file ..\..\Libraries\CMSIS\device\startup\startup_n32g430.
s

I2C2_ER_IRQHandler 0000001A

Symbol: I2C2_ER_IRQHandler
   Definitions
      At line 300 in file ..\..\Libraries\CMSIS\device\startup\startup_n32g430.
s
   Uses
      At line 130 in file ..\..\Libraries\CMSIS\device\startup\startup_n32g430.
s
      At line 246 in file ..\..\Libraries\CMSIS\device\startup\startup_n32g430.
s

I2C2_EV_IRQHandler 0000001A

Symbol: I2C2_EV_IRQHandler



ARM Macro Assembler    Page 7 Alphabetic symbol ordering
Relocatable symbols

   Definitions
      At line 299 in file ..\..\Libraries\CMSIS\device\startup\startup_n32g430.
s
   Uses
      At line 129 in file ..\..\Libraries\CMSIS\device\startup\startup_n32g430.
s
      At line 245 in file ..\..\Libraries\CMSIS\device\startup\startup_n32g430.
s

LPTIM_WKUP_IRQHandler 0000001A

Symbol: LPTIM_WKUP_IRQHandler
   Definitions
      At line 308 in file ..\..\Libraries\CMSIS\device\startup\startup_n32g430.
s
   Uses
      At line 138 in file ..\..\Libraries\CMSIS\device\startup\startup_n32g430.
s
      At line 254 in file ..\..\Libraries\CMSIS\device\startup\startup_n32g430.
s

MMU_IRQHandler 0000001A

Symbol: MMU_IRQHandler
   Definitions
      At line 287 in file ..\..\Libraries\CMSIS\device\startup\startup_n32g430.
s
   Uses
      At line 117 in file ..\..\Libraries\CMSIS\device\startup\startup_n32g430.
s
      At line 233 in file ..\..\Libraries\CMSIS\device\startup\startup_n32g430.
s

MemManage_Handler 0000000C

Symbol: MemManage_Handler
   Definitions
      At line 179 in file ..\..\Libraries\CMSIS\device\startup\startup_n32g430.
s
   Uses
      At line 83 in file ..\..\Libraries\CMSIS\device\startup\startup_n32g430.s
      At line 180 in file ..\..\Libraries\CMSIS\device\startup\startup_n32g430.
s

NMI_Handler 00000008

Symbol: NMI_Handler
   Definitions
      At line 169 in file ..\..\Libraries\CMSIS\device\startup\startup_n32g430.
s
   Uses
      At line 81 in file ..\..\Libraries\CMSIS\device\startup\startup_n32g430.s
      At line 170 in file ..\..\Libraries\CMSIS\device\startup\startup_n32g430.
s

PVD_IRQHandler 0000001A

Symbol: PVD_IRQHandler
   Definitions



ARM Macro Assembler    Page 8 Alphabetic symbol ordering
Relocatable symbols

      At line 268 in file ..\..\Libraries\CMSIS\device\startup\startup_n32g430.
s
   Uses
      At line 98 in file ..\..\Libraries\CMSIS\device\startup\startup_n32g430.s
      At line 214 in file ..\..\Libraries\CMSIS\device\startup\startup_n32g430.
s

PendSV_Handler 00000016

Symbol: PendSV_Handler
   Definitions
      At line 202 in file ..\..\Libraries\CMSIS\device\startup\startup_n32g430.
s
   Uses
      At line 93 in file ..\..\Libraries\CMSIS\device\startup\startup_n32g430.s
      At line 203 in file ..\..\Libraries\CMSIS\device\startup\startup_n32g430.
s

RCC_IRQHandler 0000001A

Symbol: RCC_IRQHandler
   Definitions
      At line 272 in file ..\..\Libraries\CMSIS\device\startup\startup_n32g430.
s
   Uses
      At line 102 in file ..\..\Libraries\CMSIS\device\startup\startup_n32g430.
s
      At line 218 in file ..\..\Libraries\CMSIS\device\startup\startup_n32g430.
s

RTCAlarm_IRQHandler 0000001A

Symbol: RTCAlarm_IRQHandler
   Definitions
      At line 307 in file ..\..\Libraries\CMSIS\device\startup\startup_n32g430.
s
   Uses
      At line 137 in file ..\..\Libraries\CMSIS\device\startup\startup_n32g430.
s
      At line 253 in file ..\..\Libraries\CMSIS\device\startup\startup_n32g430.
s

RTC_TAMPER_STAMP_IRQHandler 0000001A

Symbol: RTC_TAMPER_STAMP_IRQHandler
   Definitions
      At line 269 in file ..\..\Libraries\CMSIS\device\startup\startup_n32g430.
s
   Uses
      At line 99 in file ..\..\Libraries\CMSIS\device\startup\startup_n32g430.s
      At line 215 in file ..\..\Libraries\CMSIS\device\startup\startup_n32g430.
s

RTC_WKUP_IRQHandler 0000001A

Symbol: RTC_WKUP_IRQHandler
   Definitions
      At line 270 in file ..\..\Libraries\CMSIS\device\startup\startup_n32g430.
s



ARM Macro Assembler    Page 9 Alphabetic symbol ordering
Relocatable symbols

   Uses
      At line 100 in file ..\..\Libraries\CMSIS\device\startup\startup_n32g430.
s
      At line 216 in file ..\..\Libraries\CMSIS\device\startup\startup_n32g430.
s

Reset_Handler 00000000

Symbol: Reset_Handler
   Definitions
      At line 157 in file ..\..\Libraries\CMSIS\device\startup\startup_n32g430.
s
   Uses
      At line 80 in file ..\..\Libraries\CMSIS\device\startup\startup_n32g430.s
      At line 158 in file ..\..\Libraries\CMSIS\device\startup\startup_n32g430.
s

SPI1_IRQHandler 0000001A

Symbol: SPI1_IRQHandler
   Definitions
      At line 301 in file ..\..\Libraries\CMSIS\device\startup\startup_n32g430.
s
   Uses
      At line 131 in file ..\..\Libraries\CMSIS\device\startup\startup_n32g430.
s
      At line 247 in file ..\..\Libraries\CMSIS\device\startup\startup_n32g430.
s

SPI2_IRQHandler 0000001A

Symbol: SPI2_IRQHandler
   Definitions
      At line 302 in file ..\..\Libraries\CMSIS\device\startup\startup_n32g430.
s
   Uses
      At line 132 in file ..\..\Libraries\CMSIS\device\startup\startup_n32g430.
s
      At line 248 in file ..\..\Libraries\CMSIS\device\startup\startup_n32g430.
s

SVC_Handler 00000012

Symbol: SVC_Handler
   Definitions
      At line 193 in file ..\..\Libraries\CMSIS\device\startup\startup_n32g430.
s
   Uses
      At line 90 in file ..\..\Libraries\CMSIS\device\startup\startup_n32g430.s
      At line 194 in file ..\..\Libraries\CMSIS\device\startup\startup_n32g430.
s

SysTick_Handler 00000018

Symbol: SysTick_Handler
   Definitions
      At line 206 in file ..\..\Libraries\CMSIS\device\startup\startup_n32g430.
s
   Uses



ARM Macro Assembler    Page 10 Alphabetic symbol ordering
Relocatable symbols

      At line 94 in file ..\..\Libraries\CMSIS\device\startup\startup_n32g430.s
      At line 207 in file ..\..\Libraries\CMSIS\device\startup\startup_n32g430.
s

TIM1_BRK_IRQHandler 0000001A

Symbol: TIM1_BRK_IRQHandler
   Definitions
      At line 290 in file ..\..\Libraries\CMSIS\device\startup\startup_n32g430.
s
   Uses
      At line 120 in file ..\..\Libraries\CMSIS\device\startup\startup_n32g430.
s
      At line 236 in file ..\..\Libraries\CMSIS\device\startup\startup_n32g430.
s

TIM1_CC_IRQHandler 0000001A

Symbol: TIM1_CC_IRQHandler
   Definitions
      At line 293 in file ..\..\Libraries\CMSIS\device\startup\startup_n32g430.
s
   Uses
      At line 123 in file ..\..\Libraries\CMSIS\device\startup\startup_n32g430.
s
      At line 239 in file ..\..\Libraries\CMSIS\device\startup\startup_n32g430.
s

TIM1_TRG_COM_IRQHandler 0000001A

Symbol: TIM1_TRG_COM_IRQHandler
   Definitions
      At line 292 in file ..\..\Libraries\CMSIS\device\startup\startup_n32g430.
s
   Uses
      At line 122 in file ..\..\Libraries\CMSIS\device\startup\startup_n32g430.
s
      At line 238 in file ..\..\Libraries\CMSIS\device\startup\startup_n32g430.
s

TIM1_UP_IRQHandler 0000001A

Symbol: TIM1_UP_IRQHandler
   Definitions
      At line 291 in file ..\..\Libraries\CMSIS\device\startup\startup_n32g430.
s
   Uses
      At line 121 in file ..\..\Libraries\CMSIS\device\startup\startup_n32g430.
s
      At line 237 in file ..\..\Libraries\CMSIS\device\startup\startup_n32g430.
s

TIM2_IRQHandler 0000001A

Symbol: TIM2_IRQHandler
   Definitions
      At line 294 in file ..\..\Libraries\CMSIS\device\startup\startup_n32g430.
s
   Uses



ARM Macro Assembler    Page 11 Alphabetic symbol ordering
Relocatable symbols

      At line 124 in file ..\..\Libraries\CMSIS\device\startup\startup_n32g430.
s
      At line 240 in file ..\..\Libraries\CMSIS\device\startup\startup_n32g430.
s

TIM3_IRQHandler 0000001A

Symbol: TIM3_IRQHandler
   Definitions
      At line 295 in file ..\..\Libraries\CMSIS\device\startup\startup_n32g430.
s
   Uses
      At line 125 in file ..\..\Libraries\CMSIS\device\startup\startup_n32g430.
s
      At line 241 in file ..\..\Libraries\CMSIS\device\startup\startup_n32g430.
s

TIM4_IRQHandler 0000001A

Symbol: TIM4_IRQHandler
   Definitions
      At line 296 in file ..\..\Libraries\CMSIS\device\startup\startup_n32g430.
s
   Uses
      At line 126 in file ..\..\Libraries\CMSIS\device\startup\startup_n32g430.
s
      At line 242 in file ..\..\Libraries\CMSIS\device\startup\startup_n32g430.
s

TIM5_IRQHandler 0000001A

Symbol: TIM5_IRQHandler
   Definitions
      At line 314 in file ..\..\Libraries\CMSIS\device\startup\startup_n32g430.
s
   Uses
      At line 144 in file ..\..\Libraries\CMSIS\device\startup\startup_n32g430.
s
      At line 260 in file ..\..\Libraries\CMSIS\device\startup\startup_n32g430.
s

TIM6_IRQHandler 0000001A

Symbol: TIM6_IRQHandler
   Definitions
      At line 315 in file ..\..\Libraries\CMSIS\device\startup\startup_n32g430.
s
   Uses
      At line 145 in file ..\..\Libraries\CMSIS\device\startup\startup_n32g430.
s
      At line 261 in file ..\..\Libraries\CMSIS\device\startup\startup_n32g430.
s

TIM8_BRK_IRQHandler 0000001A

Symbol: TIM8_BRK_IRQHandler
   Definitions
      At line 309 in file ..\..\Libraries\CMSIS\device\startup\startup_n32g430.
s



ARM Macro Assembler    Page 12 Alphabetic symbol ordering
Relocatable symbols

   Uses
      At line 139 in file ..\..\Libraries\CMSIS\device\startup\startup_n32g430.
s
      At line 255 in file ..\..\Libraries\CMSIS\device\startup\startup_n32g430.
s

TIM8_CC_IRQHandler 0000001A

Symbol: TIM8_CC_IRQHandler
   Definitions
      At line 312 in file ..\..\Libraries\CMSIS\device\startup\startup_n32g430.
s
   Uses
      At line 142 in file ..\..\Libraries\CMSIS\device\startup\startup_n32g430.
s
      At line 258 in file ..\..\Libraries\CMSIS\device\startup\startup_n32g430.
s

TIM8_TRG_COM_IRQHandler 0000001A

Symbol: TIM8_TRG_COM_IRQHandler
   Definitions
      At line 311 in file ..\..\Libraries\CMSIS\device\startup\startup_n32g430.
s
   Uses
      At line 141 in file ..\..\Libraries\CMSIS\device\startup\startup_n32g430.
s
      At line 257 in file ..\..\Libraries\CMSIS\device\startup\startup_n32g430.
s

TIM8_UP_IRQHandler 0000001A

Symbol: TIM8_UP_IRQHandler
   Definitions
      At line 310 in file ..\..\Libraries\CMSIS\device\startup\startup_n32g430.
s
   Uses
      At line 140 in file ..\..\Libraries\CMSIS\device\startup\startup_n32g430.
s
      At line 256 in file ..\..\Libraries\CMSIS\device\startup\startup_n32g430.
s

UART3_IRQHandler 0000001A

Symbol: UART3_IRQHandler
   Definitions
      At line 305 in file ..\..\Libraries\CMSIS\device\startup\startup_n32g430.
s
   Uses
      At line 135 in file ..\..\Libraries\CMSIS\device\startup\startup_n32g430.
s
      At line 251 in file ..\..\Libraries\CMSIS\device\startup\startup_n32g430.
s

UART4_IRQHandler 0000001A

Symbol: UART4_IRQHandler
   Definitions
      At line 313 in file ..\..\Libraries\CMSIS\device\startup\startup_n32g430.



ARM Macro Assembler    Page 13 Alphabetic symbol ordering
Relocatable symbols

s
   Uses
      At line 143 in file ..\..\Libraries\CMSIS\device\startup\startup_n32g430.
s
      At line 259 in file ..\..\Libraries\CMSIS\device\startup\startup_n32g430.
s

USART1_IRQHandler 0000001A

Symbol: USART1_IRQHandler
   Definitions
      At line 303 in file ..\..\Libraries\CMSIS\device\startup\startup_n32g430.
s
   Uses
      At line 133 in file ..\..\Libraries\CMSIS\device\startup\startup_n32g430.
s
      At line 249 in file ..\..\Libraries\CMSIS\device\startup\startup_n32g430.
s

USART2_IRQHandler 0000001A

Symbol: USART2_IRQHandler
   Definitions
      At line 304 in file ..\..\Libraries\CMSIS\device\startup\startup_n32g430.
s
   Uses
      At line 134 in file ..\..\Libraries\CMSIS\device\startup\startup_n32g430.
s
      At line 250 in file ..\..\Libraries\CMSIS\device\startup\startup_n32g430.
s

UsageFault_Handler 00000010

Symbol: UsageFault_Handler
   Definitions
      At line 189 in file ..\..\Libraries\CMSIS\device\startup\startup_n32g430.
s
   Uses
      At line 85 in file ..\..\Libraries\CMSIS\device\startup\startup_n32g430.s
      At line 190 in file ..\..\Libraries\CMSIS\device\startup\startup_n32g430.
s

WWDG_IRQHandler 0000001A

Symbol: WWDG_IRQHandler
   Definitions
      At line 267 in file ..\..\Libraries\CMSIS\device\startup\startup_n32g430.
s
   Uses
      At line 97 in file ..\..\Libraries\CMSIS\device\startup\startup_n32g430.s
      At line 213 in file ..\..\Libraries\CMSIS\device\startup\startup_n32g430.
s

65 symbols



ARM Macro Assembler    Page 1 Alphabetic symbol ordering
Absolute symbols

Heap_Size 00000200

Symbol: Heap_Size
   Definitions
      At line 62 in file ..\..\Libraries\CMSIS\device\startup\startup_n32g430.s
   Uses
      At line 66 in file ..\..\Libraries\CMSIS\device\startup\startup_n32g430.s
Comment: Heap_Size used once
Stack_Size 00000400

Symbol: Stack_Size
   Definitions
      At line 52 in file ..\..\Libraries\CMSIS\device\startup\startup_n32g430.s
   Uses
      At line 55 in file ..\..\Libraries\CMSIS\device\startup\startup_n32g430.s
Comment: Stack_Size used once
__Vectors_Size 00000114

Symbol: __Vectors_Size
   Definitions
      At line 152 in file ..\..\Libraries\CMSIS\device\startup\startup_n32g430.
s
   Uses
      At line 77 in file ..\..\Libraries\CMSIS\device\startup\startup_n32g430.s
Comment: __Vectors_Size used once
3 symbols



ARM Macro Assembler    Page 1 Alphabetic symbol ordering
External symbols

System_Initializes 00000000

Symbol: System_Initializes
   Definitions
      At line 160 in file ..\..\Libraries\CMSIS\device\startup\startup_n32g430.
s
   Uses
      At line 161 in file ..\..\Libraries\CMSIS\device\startup\startup_n32g430.
s
Comment: System_Initializes used once
__main 00000000

Symbol: __main
   Definitions
      At line 159 in file ..\..\Libraries\CMSIS\device\startup\startup_n32g430.
s
   Uses
      At line 163 in file ..\..\Libraries\CMSIS\device\startup\startup_n32g430.
s
Comment: __main used once
2 symbols
417 symbols in table
